-------------------------------------------------------------------------------
Test set: dev.diogoro.lyncastest.controller.PessoaControllerTest
-------------------------------------------------------------------------------
Tests run: 4, Failures: 1, Errors: 2, Skipped: 0, Time elapsed: 3.387 s <<< FAILURE! - in dev.diogoro.lyncastest.controller.PessoaControllerTest
testApagarPessoa  Time elapsed: 0.038 s  <<< FAILURE!
java.lang.AssertionError: Status expected:<204> but was:<404>
	at dev.diogoro.lyncastest.controller.PessoaControllerTest.testApagarPessoa(PessoaControllerTest.java:74)

testAtualizarPessoa  Time elapsed: 0.489 s  <<< ERROR!
org.springframework.web.util.NestedServletException: Request processing failed; nested exception is javax.validation.UnexpectedTypeException: HV000030: No validator could be found for constraint 'javax.validation.constraints.NotBlank' validating type 'java.util.Date'. Check configuration for 'dataNascimento'
	at dev.diogoro.lyncastest.controller.PessoaControllerTest.testAtualizarPessoa(PessoaControllerTest.java:64)
Caused by: javax.validation.UnexpectedTypeException: HV000030: No validator could be found for constraint 'javax.validation.constraints.NotBlank' validating type 'java.util.Date'. Check configuration for 'dataNascimento'
	at dev.diogoro.lyncastest.controller.PessoaControllerTest.testAtualizarPessoa(PessoaControllerTest.java:64)

testCadastrarPessoa  Time elapsed: 0.016 s  <<< ERROR!
org.springframework.web.util.NestedServletException: Request processing failed; nested exception is javax.validation.UnexpectedTypeException: HV000030: No validator could be found for constraint 'javax.validation.constraints.NotBlank' validating type 'java.util.Date'. Check configuration for 'dataNascimento'
	at dev.diogoro.lyncastest.controller.PessoaControllerTest.testCadastrarPessoa(PessoaControllerTest.java:53)
Caused by: javax.validation.UnexpectedTypeException: HV000030: No validator could be found for constraint 'javax.validation.constraints.NotBlank' validating type 'java.util.Date'. Check configuration for 'dataNascimento'
	at dev.diogoro.lyncastest.controller.PessoaControllerTest.testCadastrarPessoa(PessoaControllerTest.java:53)

