-------------------------------------------------------------------------------
Test set: dev.diogoro.lyncastest.controller.PessoaControllerTest
-------------------------------------------------------------------------------
Tests run: 4, Failures: 4, Errors: 0, Skipped: 0, Time elapsed: 1.825 s <<< FAILURE! - in dev.diogoro.lyncastest.controller.PessoaControllerTest
testObterPessoaPorId  Time elapsed: 0.34 s  <<< FAILURE!
java.lang.AssertionError: Status expected:<200> but was:<404>
	at dev.diogoro.lyncastest.controller.PessoaControllerTest.testObterPessoaPorId(PessoaControllerTest.java:53)

testObterListaPessoas  Time elapsed: 0.135 s  <<< FAILURE!
java.lang.AssertionError: Status expected:<200> but was:<404>
	at dev.diogoro.lyncastest.controller.PessoaControllerTest.testObterListaPessoas(PessoaControllerTest.java:89)

testAtualizarPessoa  Time elapsed: 0.224 s  <<< FAILURE!
java.lang.AssertionError: Status expected:<204> but was:<404>
	at dev.diogoro.lyncastest.controller.PessoaControllerTest.testAtualizarPessoa(PessoaControllerTest.java:79)

testCadastrarPessoa  Time elapsed: 0.136 s  <<< FAILURE!
java.lang.AssertionError: Status expected:<201> but was:<404>
	at dev.diogoro.lyncastest.controller.PessoaControllerTest.testCadastrarPessoa(PessoaControllerTest.java:66)

